{
  "RSpec": {
    "coverage": {
      "/Users/susanmansoori1/Desktop/wdi/project3/project-three/project-three/app/helpers/application_helper.rb": [
        1,
        null
      ],
      "/Users/susanmansoori1/Desktop/wdi/project3/project-three/project-three/app/helpers/categories_helper.rb": [
        1,
        null
      ],
      "/Users/susanmansoori1/Desktop/wdi/project3/project-three/project-three/app/helpers/recommendations_helper.rb": [
        1,
        null
      ],
      "/Users/susanmansoori1/Desktop/wdi/project3/project-three/project-three/app/helpers/sessions_helper.rb": [
        1,
        null
      ],
      "/Users/susanmansoori1/Desktop/wdi/project3/project-three/project-three/app/helpers/users_helper.rb": [
        1,
        null
      ],
      "/Users/susanmansoori1/Desktop/wdi/project3/project-three/project-three/app/controllers/recommendations_controller.rb": [
        1,
        null,
        1,
        0,
        0,
        null,
        null,
        null,
        null,
        null,
        1,
        0,
        null,
        0,
        null,
        null,
        1,
        0,
        null,
        null,
        1,
        0,
        0,
        0,
        0,
        0,
        null,
        0,
        null,
        null,
        null,
        1,
        null,
        null,
        null,
        0,
        null,
        null,
        1,
        0,
        null,
        null,
        1,
        0,
        0,
        0,
        null,
        0,
        null,
        null,
        null,
        1,
        0,
        0,
        0,
        null,
        null,
        1,
        1,
        0,
        null,
        null,
        null
      ],
      "/Users/susanmansoori1/Desktop/wdi/project3/project-three/project-three/app/controllers/application_controller.rb": [
        1,
        null,
        null,
        1,
        null,
        null,
        null,
        null,
        null,
        null,
        null,
        null,
        null,
        null,
        null
      ],
      "/Users/susanmansoori1/Desktop/wdi/project3/project-three/project-three/app/controllers/sessions_controller.rb": [
        1,
        1,
        1,
        null,
        null,
        1,
        0,
        0,
        0,
        0,
        0,
        null,
        0,
        null,
        null,
        null,
        1,
        0,
        0,
        null,
        null,
        null
      ],
      "/Users/susanmansoori1/Desktop/wdi/project3/project-three/project-three/app/controllers/users_controller.rb": [
        1,
        1,
        0,
        null,
        null,
        1,
        0,
        null,
        null,
        1,
        0,
        0,
        0,
        0,
        null,
        0,
        null,
        null,
        null,
        1,
        0,
        null,
        null,
        1,
        0,
        null,
        null,
        1,
        0,
        0,
        0,
        null,
        0,
        null,
        null,
        null,
        1,
        0,
        0,
        0,
        null,
        null,
        null,
        null
      ],
      "/Users/susanmansoori1/Desktop/wdi/project3/project-three/project-three/app/models/recommendation.rb": [
        1,
        null,
        1,
        null,
        1,
        null,
        null,
        null
      ],
      "/Users/susanmansoori1/Desktop/wdi/project3/project-three/project-three/app/models/user.rb": [
        1,
        null,
        1,
        1,
        1,
        null,
        1,
        null,
        null,
        null,
        1,
        1,
        null,
        1,
        null,
        1,
        1,
        1,
        1,
        null,
        null,
        null,
        null,
        null,
        null,
        null,
        null,
        null,
        null,
        null,
        null,
        null,
        null
      ]
    },
    "timestamp": 1425517132
  }
}
